<?xml version="1.0" encoding="UTF-8"?>
<!-- Generated by org.testng.reporters.JUnitReportReporter -->
<testsuite skipped="0" hostname="LAPTOP-93BJBUO4" name="utils.LearnReport" tests="1" failures="0" timestamp="09 Feb 2019 05:07:25 GMT" time="0.765" errors="0">
  <testcase name="runReport" time="0.765" classname="utils.LearnReport"/>
</testsuite> <!-- utils.LearnReport -->
