<?xml version="1.0" encoding="UTF-8"?>
<!-- Generated by org.testng.reporters.JUnitReportReporter -->
<testsuite skipped="0" hostname="solotestmachine" name="bl.framework.testcases.TC003_MergeLead" tests="1" failures="0" timestamp="09 Feb 2019 17:42:22 GMT" time="13.051" errors="0">
  <testcase name="mergelead" time="13.051" classname="bl.framework.testcases.TC003_MergeLead"/>
</testsuite> <!-- bl.framework.testcases.TC003_MergeLead -->
