<?xml version="1.0" encoding="UTF-8"?>
<!-- Generated by org.testng.reporters.JUnitReportReporter -->
<testsuite skipped="0" hostname="solotestmachine" name="bl.framework.testcases.EditLead" tests="1" failures="0" timestamp="10 Feb 2019 02:54:22 GMT" time="14.708" errors="0">
  <testcase name="leadedit" time="14.708" classname="bl.framework.testcases.EditLead"/>
</testsuite> <!-- bl.framework.testcases.EditLead -->
