<?xml version="1.0" encoding="UTF-8"?>
<!-- Generated by org.testng.reporters.JUnitReportReporter -->
<testsuite skipped="0" hostname="solotestmachine" name="bl.framework.testcases.TC001_LoginAndLogout" tests="1" failures="0" timestamp="09 Feb 2019 17:06:52 GMT" time="8.128" errors="0">
  <testcase name="login" time="8.128" classname="bl.framework.testcases.TC001_LoginAndLogout"/>
</testsuite> <!-- bl.framework.testcases.TC001_LoginAndLogout -->
